<?xml version="1.0" encoding="UTF-8"?>
<testsuite xmlns:xsi="http://www.w3.org/2001/XMLSchema-instance" xsi:noNamespaceSchemaLocation="https://maven.apache.org/surefire/maven-surefire-plugin/xsd/surefire-test-report.xsd" name="TicketsTest" time="0.068" tests="1" errors="1" skipped="0" failures="0">
  <properties>
[...]
</properties>
  <testcase name="shouldFindTickets" classname="TicketsTest" time="0.058">
    <error message="-1" type="java.lang.NegativeArraySizeException">java.lang.NegativeArraySizeException: -1
	at TicketsTest.shouldFindTickets(TicketsTest.java:28)
</error>
  </testcase>
</testsuite>